13:39:11 **** Incremental Build of configuration Default for project app_matrix ****
xmake CONFIG=Default all 
Checking build modules
Using build modules: lib_dsp
Analyzing xmos_dsp_adaptive.c
Analyzing xmos_dsp_filters.c
Analyzing xmos_dsp_math.c
Analyzing xmos_dsp_matrix.c
Analyzing xmos_dsp_statistics.c
Analyzing xmos_dsp_vector.c
Propagating analysis
Analyzing app_matrix.xc
Propagating analysis
Creating dependencies for app_matrix.xc
Creating dependencies for xmos_dsp_vector.c
Creating dependencies for xmos_dsp_statistics.c
Creating dependencies for xmos_dsp_matrix.c
Creating dependencies for xmos_dsp_math.c
Creating dependencies for xmos_dsp_filters.c
Creating dependencies for xmos_dsp_adaptive.c
Compiling xmos_dsp_adaptive.c
Compiling xmos_dsp_filters.c
Compiling xmos_dsp_math.c
Compiling xmos_dsp_matrix.c
Compiling xmos_dsp_statistics.c
Compiling xmos_dsp_vector.c
Compiling app_matrix.xc
Creating app_matrix.xe
Build Complete

13:39:39 Build Finished (took 27s.846ms)

