<<<<<<< HEAD
09:58:08 **** Build of configuration Default for project app_filters ****
xmake CONFIG=Default all 
Checking build modules
Using build modules: lib_dsp
=======
09:58:55 **** Build of configuration Default for project app_filters ****
xmake CONFIG=Default all 
Checking build modules
Using build modules: lib_dsp(1.0.0)
>>>>>>> 4cdfda4574e272900c222fcb31e7eeb5a4ee6712
Analyzing xmos_dsp_adaptive.c
Analyzing xmos_dsp_filters.c
Analyzing xmos_dsp_math.c
Analyzing xmos_dsp_matrix.c
Analyzing xmos_dsp_statistics.c
Analyzing xmos_dsp_vector.c
Analyzing app_filters.xc
Propagating analysis
Creating dependencies for app_filters.xc
Creating dependencies for xmos_dsp_vector.c
Creating dependencies for xmos_dsp_statistics.c
Creating dependencies for xmos_dsp_matrix.c
Creating dependencies for xmos_dsp_math.c
Creating dependencies for xmos_dsp_filters.c
Creating dependencies for xmos_dsp_adaptive.c
Compiling xmos_dsp_adaptive.c
Compiling xmos_dsp_filters.c
Compiling xmos_dsp_math.c
Compiling xmos_dsp_matrix.c
Compiling xmos_dsp_statistics.c
Compiling xmos_dsp_vector.c
Compiling app_filters.xc
Creating app_filters.xe
Build Complete

<<<<<<< HEAD
09:58:40 Build Finished (took 31s.650ms)
=======
09:59:19 Build Finished (took 23s.140ms)
>>>>>>> 4cdfda4574e272900c222fcb31e7eeb5a4ee6712

