10:01:59 **** Build of configuration Default for project app_statistics ****
xmake CONFIG=Default all 
Checking build modules
Using build modules: lib_dsp(1.0.0)
Analyzing xmos_dsp_adaptive.c
Analyzing xmos_dsp_filters.c
Analyzing xmos_dsp_math.c
Analyzing xmos_dsp_matrix.c
Analyzing xmos_dsp_statistics.c
Analyzing xmos_dsp_vector.c
Analyzing app_statistics.xc
Propagating analysis
Creating dependencies for app_statistics.xc
Creating dependencies for xmos_dsp_vector.c
Creating dependencies for xmos_dsp_statistics.c
Creating dependencies for xmos_dsp_matrix.c
Creating dependencies for xmos_dsp_math.c
Creating dependencies for xmos_dsp_filters.c
Creating dependencies for xmos_dsp_adaptive.c
Compiling xmos_dsp_adaptive.c
Compiling xmos_dsp_filters.c
Compiling xmos_dsp_math.c
Compiling xmos_dsp_matrix.c
Compiling xmos_dsp_statistics.c
Compiling xmos_dsp_vector.c
Compiling app_statistics.xc
Creating app_statistics.xe
Build Complete

10:02:20 Build Finished (took 20s.930ms)

